
SQL*Loader: Release 10.2.0.1.0 - Beta on Thu May 4 12:12:33 2006

Copyright (c) 1982, 2005, Oracle.  All rights reserved.

Control File:   item_import.ctl
Data File:      inventairelabosékalytest.csv
  Bad File:     inventairelabosékalytest.bad
  Discard File:  none specified
 
 (Allow all discards)

Number to load: ALL
Number to skip: 1
Errors allowed: 50
Bind array:     64 rows, maximum of 256000 bytes
Continuation:    none specified
Path used:      Conventional

Table IMPORT_DATA, loaded from every logical record.
Insert option in effect for this table: REPLACE
TRAILING NULLCOLS option in effect

   Column Name                  Position   Len  Term Encl Datatype
------------------------------ ---------- ----- ---- ---- ---------------------
NAME                                FIRST     *   ,  O(") CHARACTER            
FORMAT                               NEXT     *   ,  O(") CHARACTER            
ITEMNB                               NEXT     *   ,  O(") CHARACTER            
DISTRIBUTOR                          NEXT     *   ,  O(") CHARACTER            
PRICE                                NEXT     *   ,  O(") CHARACTER            
SUPITEMNB                            NEXT     *   ,  O(") CHARACTER            

Record 116: Rejected - Error on table IMPORT_DATA.
ORA-00001: unique constraint (OUELLM.SYS_C0018001) violated

Record 137: Rejected - Error on table IMPORT_DATA.
ORA-00001: unique constraint (OUELLM.SYS_C0018001) violated

Record 164: Rejected - Error on table IMPORT_DATA.
ORA-00001: unique constraint (OUELLM.SYS_C0018001) violated

Record 177: Rejected - Error on table IMPORT_DATA.
ORA-00001: unique constraint (OUELLM.SYS_C0018001) violated

Record 178: Rejected - Error on table IMPORT_DATA.
ORA-00001: unique constraint (OUELLM.SYS_C0018001) violated


Table IMPORT_DATA:
  173 Rows successfully loaded.
  5 Rows not loaded due to data errors.
  0 Rows not loaded because all WHEN clauses were failed.
  0 Rows not loaded because all fields were null.


Space allocated for bind array:                  99072 bytes(64 rows)
Read   buffer bytes: 1048576

Total logical records skipped:          1
Total logical records read:           178
Total logical records rejected:         5
Total logical records discarded:        0

Run began on Thu May 04 12:12:33 2006
Run ended on Thu May 04 12:12:34 2006

Elapsed time was:     00:00:01.31
CPU time was:         00:00:00.10
